<?xml version="1.0" encoding="UTF-8"?>
<!-- Generated by org.testng.reporters.JUnitXMLReporter -->
<testsuite hostname="del1-lhp-n65328" ignored="0" name="Default test" tests="7" failures="0" timestamp="13 Aug 2019 17:08:10 GMT" time="72.86" errors="0">
  <testcase name="verifyHomeTitle" time="0.057" classname="com.tricentis.demowebshop.testng.testCase1"/>
  <testcase name="verifyRegisterText" time="0.38" classname="com.tricentis.demowebshop.testng.testCase1"/>
  <testcase name="verifyLoginText" time="1.501" classname="com.tricentis.demowebshop.testng.testCase1"/>
  <testcase name="verifyLoginTitle" time="0.018" classname="com.tricentis.demowebshop.testng.testCase1"/>
  <testcase name="loginPage" time="17.605" classname="com.tricentis.demowebshop.testng.testCase2"/>
  <testcase name="loginPage" time="15.685" classname="com.tricentis.demowebshop.testng.testCase2"/>
  <testcase name="loginPage" time="15.658" classname="com.tricentis.demowebshop.testng.testCase2"/>
</testsuite> <!-- Default test -->
