<?xml version="1.0" encoding="UTF-8"?>
<!-- Generated by org.testng.reporters.JUnitXMLReporter -->
<testsuite hostname="del1-lhp-n65328" ignored="0" name="Test" tests="5" failures="0" timestamp="13 Aug 2019 06:33:24 GMT" time="14.97" errors="0">
  <testcase name="verifyHomeTitle" time="0.032" classname="com.tricentis.demowebshop.testng.testCase1"/>
  <testcase name="verifyRegisterText" time="0.124" classname="com.tricentis.demowebshop.testng.testCase1"/>
  <testcase name="verifyLoginText" time="0.854" classname="com.tricentis.demowebshop.testng.testCase1"/>
  <testcase name="verifyLoginTitle" time="0.016" classname="com.tricentis.demowebshop.testng.testCase1"/>
  <testcase name="loginPage" time="0.0" classname="com.tricentis.demowebshop.testng.testCase2">
    <skipped/>
  </testcase> <!-- loginPage -->
</testsuite> <!-- Test -->
